<!DOCTYPE html PUBLIC "-//W3C//DTD XHTML 1.1//EN" "https://www.w3.org/TR/xhtml11/DTD/xhtml11.dtd">
<html xmlns="https://www.w3.org/1999/xhtml">
<head>
<meta http-equiv="content-type" content="text/html; charset=UTF-8"/>
<title>TestNG Report</title>
<style type="text/css">table {margin-bottom:10px;border-collapse:collapse;empty-cells:show}th,td {border:1px solid #009;padding:.25em .5em}th {vertical-align:bottom}td {vertical-align:top}table a {font-weight:bold}.stripe td {background-color: #E6EBF9}.num {text-align:right}.passedodd td {background-color: #3F3}.passedeven td {background-color: #0A0}.skippedodd td {background-color: #DDD}.skippedeven td {background-color: #CCC}.failedodd td,.attn {background-color: #F33}.failedeven td,.stripe .attn {background-color: #D00}.stacktrace {white-space:pre;font-family:monospace}.totop {font-size:85%;text-align:center;border-bottom:2px solid #000}.invisible {display:none}</style>
</head>
<body>
<table>
<tr><th>Test</th><th># Passed</th><th># Skipped</th><th># Retried</th><th># Failed</th><th>Time (ms)</th><th>Included Groups</th><th>Excluded Groups</th></tr>
<tr><th colspan="8">Functional UI Suite</th></tr>
<tr><td><a href="#t0">UITest</a></td><td class="num">2</td><td class="num">0</td><td class="num">0</td><td class="num attn">2</td><td class="num">30,269</td><td></td><td></td></tr>
</table>
<table id='summary'><thead><tr><th>Class</th><th>Method</th><th>Start</th><th>Time (ms)</th></tr></thead><tbody><tr><th colspan="4">Functional UI Suite</th></tr></tbody><tbody id="t0"><tr><th colspan="4">UITest &#8212; failed</th></tr><tr class="failedeven"><td rowspan="2">tests.ui.ContactTests</td><td><a href="#m0">verifySuccessfulNavigationToLinkedinProfile</a></td><td rowspan="1">1756210685704</td><td rowspan="1">10691</td></tr><tr class="failedeven"><td><a href="#m1">verifySuccessfulNavigationToWhatsApp</a></td><td rowspan="1">1756210696604</td><td rowspan="1">10216</td></tr><tr><th colspan="4">UITest &#8212; passed</th></tr><tr class="passedeven"><td rowspan="2">tests.ui.ContactTests</td><td><a href="#m2">verifySuccessfulNavigationToGithubProfile</a></td><td rowspan="1">1756210696404</td><td rowspan="1">197</td></tr><tr class="passedeven"><td><a href="#m3">verifyVisitorCanSendAnEmailViaForm</a></td><td rowspan="1">1756210706825</td><td rowspan="1">765</td></tr></tbody>
</table>
<h2>UITest</h2><h3 id="m0">tests.ui.ContactTests#verifySuccessfulNavigationToLinkedinProfile</h3><table class="result"><tr><th>Exception</th></tr><tr><td><div class="stacktrace">org.openqa.selenium.TimeoutException: Expected condition failed: waiting for url to contain &quot;linkedin&quot;. Current url: &quot;https://www.google.com/?zx=1756210686835&amp;no_sw_cr=1&quot; (tried for 10 second(s) with 500 milliseconds interval)
Build info: version: &apos;4.33.0&apos;, revision: &apos;2c6aaad03a&apos;
System info: os.name: &apos;Linux&apos;, os.arch: &apos;amd64&apos;, os.version: &apos;6.11.0-1018-azure&apos;, java.version: &apos;21.0.8&apos;
Driver info: org.openqa.selenium.chrome.ChromeDriver
Capabilities {acceptInsecureCerts: false, browserName: chrome, browserVersion: 139.0.7258.127, chrome: {chromedriverVersion: 139.0.7258.138 (884e54ea8d4..., userDataDir: /tmp/chrome-user-data-35308...}, fedcm:accounts: true, goog:chromeOptions: {debuggerAddress: localhost:33347}, networkConnectionEnabled: false, pageLoadStrategy: normal, platformName: linux, proxy: Proxy(), se:cdp: ws://localhost:33347/devtoo..., se:cdpVersion: 139.0.7258.127, setWindowRect: true, strictFileInteractability: false, timeouts: {implicit: 0, pageLoad: 300000, script: 30000}, unhandledPromptBehavior: dismiss and notify, webauthn:extension:credBlob: true, webauthn:extension:largeBlob: true, webauthn:extension:minPinLength: true, webauthn:extension:prf: true, webauthn:virtualAuthenticators: true}
Session ID: 3ff30cbcc52a3168f0ccf49d6efa2a68
	at org.openqa.selenium.support.ui.WebDriverWait.timeoutException(WebDriverWait.java:84)
	at org.openqa.selenium.support.ui.FluentWait.until(FluentWait.java:228)
	at utils.WaitUtils.waitForUrlContains(WaitUtils.java:41)
	at utils.AssertUtils.assertURLContains(AssertUtils.java:70)
	at tests.ui.ContactTests.verifySuccessfulNavigationToLinkedinProfile(ContactTests.java:48)
	at java.base/java.util.ArrayList.forEach(ArrayList.java:1596)
... Removed 29 stack frames</div></td></tr></table><p class="totop"><a href="#summary">back to summary</a></p>
<h3 id="m1">tests.ui.ContactTests#verifySuccessfulNavigationToWhatsApp</h3><table class="result"><tr><th>Exception</th></tr><tr><td><div class="stacktrace">org.openqa.selenium.TimeoutException: Expected condition failed: waiting for url to contain &quot;whatsapp&quot;. Current url: &quot;https://mahmoudfawzyaoe2.github.io/mft1998-portfolio/#/contact&quot; (tried for 10 second(s) with 500 milliseconds interval)
Build info: version: &apos;4.33.0&apos;, revision: &apos;2c6aaad03a&apos;
System info: os.name: &apos;Linux&apos;, os.arch: &apos;amd64&apos;, os.version: &apos;6.11.0-1018-azure&apos;, java.version: &apos;21.0.8&apos;
Driver info: org.openqa.selenium.chrome.ChromeDriver
Capabilities {acceptInsecureCerts: false, browserName: chrome, browserVersion: 139.0.7258.127, chrome: {chromedriverVersion: 139.0.7258.138 (884e54ea8d4..., userDataDir: /tmp/chrome-user-data-35308...}, fedcm:accounts: true, goog:chromeOptions: {debuggerAddress: localhost:33347}, networkConnectionEnabled: false, pageLoadStrategy: normal, platformName: linux, proxy: Proxy(), se:cdp: ws://localhost:33347/devtoo..., se:cdpVersion: 139.0.7258.127, setWindowRect: true, strictFileInteractability: false, timeouts: {implicit: 0, pageLoad: 300000, script: 30000}, unhandledPromptBehavior: dismiss and notify, webauthn:extension:credBlob: true, webauthn:extension:largeBlob: true, webauthn:extension:minPinLength: true, webauthn:extension:prf: true, webauthn:virtualAuthenticators: true}
Session ID: 3ff30cbcc52a3168f0ccf49d6efa2a68
	at org.openqa.selenium.support.ui.WebDriverWait.timeoutException(WebDriverWait.java:84)
	at org.openqa.selenium.support.ui.FluentWait.until(FluentWait.java:228)
	at utils.WaitUtils.waitForUrlContains(WaitUtils.java:41)
	at utils.AssertUtils.assertURLContains(AssertUtils.java:70)
	at tests.ui.ContactTests.verifySuccessfulNavigationToWhatsApp(ContactTests.java:81)
	at java.base/java.util.ArrayList.forEach(ArrayList.java:1596)
... Removed 29 stack frames</div></td></tr></table><p class="totop"><a href="#summary">back to summary</a></p>
<h3 id="m2">tests.ui.ContactTests#verifySuccessfulNavigationToGithubProfile</h3><table class="result"><tr><th class="invisible"/></tr></table><p class="totop"><a href="#summary">back to summary</a></p>
<h3 id="m3">tests.ui.ContactTests#verifyVisitorCanSendAnEmailViaForm</h3><table class="result"><tr class="param"><th>Parameter #1</th><th>Parameter #2</th><th>Parameter #3</th><th>Parameter #4</th></tr><tr class="param stripe"><td>John Doe</td><td>JohnDoe@example.com</td><td>Test - Inquiry about services</td><td>Hello, This is a message sent by the test automation script. I would like to know more about your services.</td></tr></table><p class="totop"><a href="#summary">back to summary</a></p>
</body>
</html>
